[2021-07-21 13:39:08] production.DEBUG: SHOW FULL TABLES WHERE table_type = 'BASE TABLE' {"params":[],"time":6.0800000000000000710542735760100185871124267578125} 
[2021-07-21 13:39:08] production.DEBUG: select * from information_schema.tables where table_schema = ? and table_name = ? {"params":["hellcoin_crypto","migrations"],"time":0.93000000000000004884981308350688777863979339599609375} 
[2021-07-21 13:39:08] production.DEBUG: create table `migrations` (`id` int unsigned not null auto_increment primary key, `migration` varchar(255) not null, `batch` int not null) default character set utf8 collate 'utf8_unicode_ci' engine = InnoDB {"params":[],"time":22.690000000000001278976924368180334568023681640625} 
[2021-07-21 13:39:08] production.DEBUG: select `migration` from `migrations` order by `batch` asc, `migration` asc {"params":[],"time":3.439999999999999946709294817992486059665679931640625} 
[2021-07-21 13:39:08] production.DEBUG: select max(`batch`) as aggregate from `migrations` {"params":[],"time":0.38000000000000000444089209850062616169452667236328125} 
[2021-07-21 13:39:08] production.DEBUG: create table `users` (`id` int unsigned not null auto_increment primary key, `name` varchar(100) not null, `email` varchar(255) not null, `role` varchar(50) not null, `status` tinyint not null, `password` varchar(255) not null, `remember_token` varchar(100) null, `last_login_from` varchar(45) null, `last_login_at` datetime null, `email_verified_at` timestamp null, `created_at` timestamp null, `updated_at` timestamp null) default character set utf8 collate 'utf8_unicode_ci' engine = InnoDB {"params":[],"time":17.120000000000000994759830064140260219573974609375} 
[2021-07-21 13:39:08] production.DEBUG: alter table `users` add index `users_role_index`(`role`) {"params":[],"time":16.07000000000000028421709430404007434844970703125} 
[2021-07-21 13:39:08] production.DEBUG: alter table `users` add index `users_status_index`(`status`) {"params":[],"time":13.4199999999999999289457264239899814128875732421875} 
[2021-07-21 13:39:08] production.DEBUG: alter table `users` add unique `users_name_unique`(`name`) {"params":[],"time":10.769999999999999573674358543939888477325439453125} 
[2021-07-21 13:39:08] production.DEBUG: alter table `users` add unique `users_email_unique`(`email`) {"params":[],"time":11.839999999999999857891452847979962825775146484375} 
[2021-07-21 13:39:08] production.DEBUG: insert into `migrations` (`migration`, `batch`) values (?, ?) {"params":["2014_10_12_000000_create_users_table",1],"time":0.330000000000000015543122344752191565930843353271484375} 
[2021-07-21 13:39:08] production.DEBUG: create table `password_resets` (`email` varchar(255) not null, `token` varchar(255) not null, `created_at` timestamp null) default character set utf8 collate 'utf8_unicode_ci' engine = InnoDB {"params":[],"time":39.3599999999999994315658113919198513031005859375} 
[2021-07-21 13:39:08] production.DEBUG: alter table `password_resets` add index `password_resets_email_index`(`email`) {"params":[],"time":12.1899999999999995026200849679298698902130126953125} 
[2021-07-21 13:39:08] production.DEBUG: insert into `migrations` (`migration`, `batch`) values (?, ?) {"params":["2014_10_12_100000_create_password_resets_table",1],"time":0.54000000000000003552713678800500929355621337890625} 
[2021-07-21 13:39:08] production.DEBUG: create table `accounts` (`id` int unsigned not null auto_increment primary key, `user_id` int unsigned not null, `code` varchar(50) not null, `balance` decimal(20, 2) not null default '0', `created_at` timestamp null, `updated_at` timestamp null) default character set utf8 collate 'utf8_unicode_ci' engine = InnoDB {"params":[],"time":13.46000000000000085265128291212022304534912109375} 
[2021-07-21 13:39:08] production.DEBUG: alter table `accounts` add constraint `accounts_user_id_foreign` foreign key (`user_id`) references `users` (`id`) on delete cascade on update cascade {"params":[],"time":76.0100000000000051159076974727213382720947265625} 
[2021-07-21 13:39:08] production.DEBUG: alter table `accounts` add unique `accounts_code_unique`(`code`) {"params":[],"time":59.02000000000000312638803734444081783294677734375} 
[2021-07-21 13:39:08] production.DEBUG: insert into `migrations` (`migration`, `batch`) values (?, ?) {"params":["2018_11_28_000000_create_accounts_table",1],"time":0.520000000000000017763568394002504646778106689453125} 
[2021-07-21 13:39:08] production.DEBUG: create table `account_transactions` (`id` int unsigned not null auto_increment primary key, `account_id` int unsigned not null, `amount` decimal(20, 2) not null, `balance` decimal(20, 2) not null, `transactionable_type` varchar(255) not null, `transactionable_id` bigint unsigned not null, `created_at` timestamp null, `updated_at` timestamp null) default character set utf8 collate 'utf8_unicode_ci' engine = InnoDB {"params":[],"time":16.780000000000001136868377216160297393798828125} 
[2021-07-21 13:39:08] production.DEBUG: alter table `account_transactions` add index `account_transactions_morph`(`transactionable_type`, `transactionable_id`) {"params":[],"time":10.92999999999999971578290569595992565155029296875} 
[2021-07-21 13:39:08] production.DEBUG: alter table `account_transactions` add constraint `account_transactions_account_id_foreign` foreign key (`account_id`) references `accounts` (`id`) on delete cascade on update cascade {"params":[],"time":27.660000000000000142108547152020037174224853515625} 
[2021-07-21 13:39:08] production.DEBUG: insert into `migrations` (`migration`, `batch`) values (?, ?) {"params":["2018_11_28_000001_create_account_transactions_table",1],"time":0.330000000000000015543122344752191565930843353271484375} 
[2021-07-21 13:39:08] production.DEBUG: create table `games` (`id` int unsigned not null auto_increment primary key, `account_id` int unsigned not null, `gameable_type` varchar(255) not null, `gameable_id` bigint unsigned not null, `bet` decimal(16, 2) not null, `win` decimal(16, 2) not null, `result` varchar(100) null, `created_at` timestamp null, `updated_at` timestamp null) default character set utf8 collate 'utf8_unicode_ci' engine = InnoDB {"params":[],"time":13.6899999999999995026200849679298698902130126953125} 
[2021-07-21 13:39:08] production.DEBUG: alter table `games` add index `game_morph`(`gameable_type`, `gameable_id`) {"params":[],"time":13.730000000000000426325641456060111522674560546875} 
[2021-07-21 13:39:08] production.DEBUG: alter table `games` add constraint `games_account_id_foreign` foreign key (`account_id`) references `accounts` (`id`) on delete cascade on update cascade {"params":[],"time":29.8900000000000005684341886080801486968994140625} 
[2021-07-21 13:39:08] production.DEBUG: insert into `migrations` (`migration`, `batch`) values (?, ?) {"params":["2018_11_29_000000_create_games_table",1],"time":0.419999999999999984456877655247808434069156646728515625} 
[2021-07-21 13:39:08] production.DEBUG: create table `game_slots` (`id` int unsigned not null auto_increment primary key, `lines_bet` int not null, `lines_win` int not null, `scatters_count` int not null, `reel_positions` varchar(50) not null, `created_at` timestamp null, `updated_at` timestamp null) default character set utf8 collate 'utf8_unicode_ci' engine = InnoDB {"params":[],"time":12.9199999999999999289457264239899814128875732421875} 
[2021-07-21 13:39:08] production.DEBUG: insert into `migrations` (`migration`, `batch`) values (?, ?) {"params":["2018_11_29_000001_create_game_slots_table",1],"time":0.34999999999999997779553950749686919152736663818359375} 
[2021-07-21 13:39:08] production.DEBUG: alter table `games` drop `result` {"params":[],"time":20.940000000000001278976924368180334568023681640625} 
[2021-07-21 13:39:08] production.DEBUG: insert into `migrations` (`migration`, `batch`) values (?, ?) {"params":["2019_01_14_114519_alter_games_table_delete_result",1],"time":0.340000000000000024424906541753443889319896697998046875} 
[2021-07-21 13:39:08] production.DEBUG: alter table `games` add `status` tinyint not null after `win` {"params":[],"time":25.1099999999999994315658113919198513031005859375} 
[2021-07-21 13:39:08] production.DEBUG: alter table `games` add index `games_status_index`(`status`) {"params":[],"time":16.550000000000000710542735760100185871124267578125} 
[2021-07-21 13:39:08] production.DEBUG: update `games` set `status` = ? {"params":[1],"time":0.40000000000000002220446049250313080847263336181640625} 
[2021-07-21 13:39:08] production.DEBUG: insert into `migrations` (`migration`, `batch`) values (?, ?) {"params":["2019_01_14_160000_alter_games_table_add_status",1],"time":0.40000000000000002220446049250313080847263336181640625} 
[2021-07-21 13:39:08] production.DEBUG: alter table `users` add `referrer_id` int unsigned null after `id` {"params":[],"time":29.839999999999999857891452847979962825775146484375} 
[2021-07-21 13:39:08] production.DEBUG: alter table `users` add constraint `users_referrer_id_foreign` foreign key (`referrer_id`) references `users` (`id`) on delete cascade on update cascade {"params":[],"time":38.03999999999999914734871708787977695465087890625} 
[2021-07-21 13:39:08] production.DEBUG: insert into `migrations` (`migration`, `batch`) values (?, ?) {"params":["2019_02_18_101050_alter_users_table_add_referrer_id",1],"time":0.34999999999999997779553950749686919152736663818359375} 
[2021-07-21 13:39:08] production.DEBUG: create table `referral_bonuses` (`id` int unsigned not null auto_increment primary key, `user_id` int unsigned not null, `type` tinyint not null, `amount` decimal(20, 2) not null, `created_at` timestamp null, `updated_at` timestamp null) default character set utf8 collate 'utf8_unicode_ci' engine = InnoDB {"params":[],"time":14.2200000000000006394884621840901672840118408203125} 
[2021-07-21 13:39:08] production.DEBUG: alter table `referral_bonuses` add constraint `referral_bonuses_user_id_foreign` foreign key (`user_id`) references `users` (`id`) on delete cascade on update cascade {"params":[],"time":49.43999999999999772626324556767940521240234375} 
[2021-07-21 13:39:08] production.DEBUG: insert into `migrations` (`migration`, `batch`) values (?, ?) {"params":["2019_02_18_131502_create_referral_bonuses_table",1],"time":0.59999999999999997779553950749686919152736663818359375} 
[2021-07-21 13:39:08] production.DEBUG: create table `chat_messages` (`id` int unsigned not null auto_increment primary key, `user_id` int unsigned not null, `message` text not null, `created_at` timestamp null, `updated_at` timestamp null) default character set utf8 collate 'utf8_unicode_ci' engine = InnoDB {"params":[],"time":15.800000000000000710542735760100185871124267578125} 
[2021-07-21 13:39:08] production.DEBUG: alter table `chat_messages` add constraint `chat_messages_user_id_foreign` foreign key (`user_id`) references `users` (`id`) on delete cascade on update cascade {"params":[],"time":39.840000000000003410605131648480892181396484375} 
[2021-07-21 13:39:08] production.DEBUG: insert into `migrations` (`migration`, `batch`) values (?, ?) {"params":["2019_02_19_125624_create_chat_messages_table",1],"time":0.54000000000000003552713678800500929355621337890625} 
[2021-07-21 13:39:08] production.DEBUG: create table `debits` (`id` int unsigned not null auto_increment primary key, `account_id` int unsigned not null, `amount` decimal(20, 2) not null, `created_at` timestamp null, `updated_at` timestamp null) default character set utf8 collate 'utf8_unicode_ci' engine = InnoDB {"params":[],"time":15.3699999999999992184029906638897955417633056640625} 
[2021-07-21 13:39:09] production.DEBUG: alter table `debits` add constraint `debits_account_id_foreign` foreign key (`account_id`) references `accounts` (`id`) on delete cascade on update cascade {"params":[],"time":42.6400000000000005684341886080801486968994140625} 
[2021-07-21 13:39:09] production.DEBUG: insert into `migrations` (`migration`, `batch`) values (?, ?) {"params":["2019_03_05_072317_create_debits_table",1],"time":5.019999999999999573674358543939888477325439453125} 
[2021-07-21 13:39:09] production.DEBUG: create table `credits` (`id` int unsigned not null auto_increment primary key, `account_id` int unsigned not null, `amount` decimal(20, 2) not null, `created_at` timestamp null, `updated_at` timestamp null) default character set utf8 collate 'utf8_unicode_ci' engine = InnoDB {"params":[],"time":40.22999999999999687361196265555918216705322265625} 
[2021-07-21 13:39:09] production.DEBUG: alter table `credits` add constraint `credits_account_id_foreign` foreign key (`account_id`) references `accounts` (`id`) on delete cascade on update cascade {"params":[],"time":28.1099999999999994315658113919198513031005859375} 
[2021-07-21 13:39:09] production.DEBUG: insert into `migrations` (`migration`, `batch`) values (?, ?) {"params":["2019_03_05_072644_create_credits_table",1],"time":0.560000000000000053290705182007513940334320068359375} 
[2021-07-21 13:39:09] production.DEBUG: alter table `games` add `secret` varchar(300) not null after `status`, add `server_seed` varchar(32) not null after `secret`, add `client_seed` varchar(32) null after `server_seed` {"params":[],"time":23.129999999999999005240169935859739780426025390625} 
[2021-07-21 13:39:09] production.DEBUG: insert into `migrations` (`migration`, `batch`) values (?, ?) {"params":["2019_03_11_101041_alter_games_table_add_secret_seed",1],"time":0.35999999999999998667732370449812151491641998291015625} 
[2021-07-21 13:39:09] production.DEBUG: alter table `game_slots` add `bet_amount` decimal(10, 2) not null after `lines_bet` {"params":[],"time":18.07000000000000028421709430404007434844970703125} 
[2021-07-21 13:39:09] production.DEBUG: insert into `migrations` (`migration`, `batch`) values (?, ?) {"params":["2019_03_13_142811_alter_game_slots_table_add_bet_amount",1],"time":0.320000000000000006661338147750939242541790008544921875} 
[2021-07-21 13:39:09] production.DEBUG: alter table `users` add `totp_secret` varchar(300) null after `remember_token` {"params":[],"time":32.28999999999999914734871708787977695465087890625} 
[2021-07-21 13:39:09] production.DEBUG: insert into `migrations` (`migration`, `batch`) values (?, ?) {"params":["2019_06_13_095842_alter_users_table_add2_f_a_secret",1],"time":0.340000000000000024424906541753443889319896697998046875} 
[2021-07-21 13:39:09] production.DEBUG: alter table `users` add `referee_sign_up_credits` int unsigned null after `totp_secret`, add `referrer_sign_up_credits` int unsigned null after `referee_sign_up_credits`, add `referrer_game_bet_pct` decimal(8, 2) unsigned null after `referrer_sign_up_credits`, add `referrer_deposit_pct` decimal(8, 2) unsigned null after `referrer_game_bet_pct` {"params":[],"time":28.199999999999999289457264239899814128875732421875} 
[2021-07-21 13:39:09] production.DEBUG: insert into `migrations` (`migration`, `batch`) values (?, ?) {"params":["2019_07_16_070139_alter_users_table_add_referrer_fields",1],"time":0.35999999999999998667732370449812151491641998291015625} 
[2021-07-21 13:39:09] production.DEBUG: update `account_transactions` set `transactionable_type` = ?, `updated_at` = ? where `transactionable_type` = ? {"params":["App\\Models\\Bonus","2021-07-21 13:39:09","App\\Models\\ReferralBonus"],"time":3.589999999999999857891452847979962825775146484375} 
[2021-07-21 13:39:09] production.DEBUG: alter table `referral_bonuses` drop foreign key `referral_bonuses_user_id_foreign` {"params":[],"time":9.4900000000000002131628207280300557613372802734375} 
[2021-07-21 13:39:09] production.DEBUG: rename table `referral_bonuses` to `bonuses` {"params":[],"time":5.0099999999999997868371792719699442386627197265625} 
[2021-07-21 13:39:09] production.DEBUG: alter table `bonuses` add `account_id` int unsigned not null after `id` {"params":[],"time":24.53999999999999914734871708787977695465087890625} 
[2021-07-21 13:39:09] production.DEBUG: select * from `bonuses` {"params":[],"time":0.4899999999999999911182158029987476766109466552734375} 
[2021-07-21 13:39:09] production.DEBUG: alter table `bonuses` drop `user_id` {"params":[],"time":18.230000000000000426325641456060111522674560546875} 
[2021-07-21 13:39:09] production.DEBUG: alter table `bonuses` add constraint `bonuses_account_id_foreign` foreign key (`account_id`) references `accounts` (`id`) on delete cascade on update cascade {"params":[],"time":33.530000000000001136868377216160297393798828125} 
[2021-07-21 13:39:09] production.DEBUG: insert into `migrations` (`migration`, `batch`) values (?, ?) {"params":["2019_09_18_150215_alter_referral_bonuses_table_add_account_id_foreign_key",1],"time":0.460000000000000019984014443252817727625370025634765625} 
[2021-07-21 13:39:09] production.DEBUG: alter table `users` add `referrer_game_loss_pct` decimal(8, 2) unsigned null after `referrer_sign_up_credits`, add `referrer_game_win_pct` decimal(8, 2) unsigned null after `referrer_game_loss_pct` {"params":[],"time":25.6099999999999994315658113919198513031005859375} 
[2021-07-21 13:39:09] production.DEBUG: alter table `users` drop `referrer_game_bet_pct` {"params":[],"time":27.3900000000000005684341886080801486968994140625} 
[2021-07-21 13:39:09] production.DEBUG: insert into `migrations` (`migration`, `batch`) values (?, ?) {"params":["2019_09_19_085844_alter_users_table_modify_referrer_fields",1],"time":0.35999999999999998667732370449812151491641998291015625} 
[2021-07-21 13:39:09] production.DEBUG: create table `commands` (`id` int unsigned not null auto_increment primary key, `class` varchar(255) not null, `count` int unsigned not null default '1', `created_at` timestamp null, `updated_at` timestamp null) default character set utf8 collate 'utf8_unicode_ci' engine = InnoDB {"params":[],"time":13.269999999999999573674358543939888477325439453125} 
[2021-07-21 13:39:09] production.DEBUG: alter table `commands` add unique `commands_class_unique`(`class`) {"params":[],"time":13.8800000000000007815970093361102044582366943359375} 
[2021-07-21 13:39:09] production.DEBUG: insert into `migrations` (`migration`, `batch`) values (?, ?) {"params":["2019_09_26_091033_create_commands_table",1],"time":0.79000000000000003552713678800500929355621337890625} 
[2021-07-21 13:39:09] production.DEBUG: create table `social_profiles` (`id` int unsigned not null auto_increment primary key, `user_id` int unsigned not null, `provider_name` varchar(50) not null, `provider_user_id` varchar(255) not null, `created_at` timestamp null, `updated_at` timestamp null) default character set utf8 collate 'utf8_unicode_ci' engine = InnoDB {"params":[],"time":46.32000000000000028421709430404007434844970703125} 
[2021-07-21 13:39:09] production.DEBUG: alter table `social_profiles` add constraint `social_profiles_user_id_foreign` foreign key (`user_id`) references `users` (`id`) on delete cascade on update cascade {"params":[],"time":29.739999999999998436805981327779591083526611328125} 
[2021-07-21 13:39:09] production.DEBUG: alter table `social_profiles` add unique `social_profiles_provider_name_provider_user_id_unique`(`provider_name`, `provider_user_id`) {"params":[],"time":17.67999999999999971578290569595992565155029296875} 
[2021-07-21 13:39:09] production.DEBUG: insert into `migrations` (`migration`, `batch`) values (?, ?) {"params":["2019_10_03_100000_create_social_profiles_table",1],"time":0.5} 
[2021-07-21 13:39:09] production.DEBUG: create table `game_free_slots` (`id` int unsigned not null auto_increment primary key, `account_id` int unsigned not null, `bet` decimal(16, 2) not null, `lines` int not null, `quantity` int not null, `created_at` timestamp null, `updated_at` timestamp null) default character set utf8 collate 'utf8_unicode_ci' engine = InnoDB {"params":[],"time":11.9900000000000002131628207280300557613372802734375} 
[2021-07-21 13:39:09] production.DEBUG: alter table `game_free_slots` add constraint `game_free_slots_account_id_foreign` foreign key (`account_id`) references `accounts` (`id`) on delete cascade on update cascade {"params":[],"time":29.6700000000000017053025658242404460906982421875} 
[2021-07-21 13:39:09] production.DEBUG: alter table `game_free_slots` add index `game_free_slots_quantity_index`(`quantity`) {"params":[],"time":18.809999999999998721023075631819665431976318359375} 
[2021-07-21 13:39:09] production.DEBUG: insert into `migrations` (`migration`, `batch`) values (?, ?) {"params":["2020_05_26_000001_create_game_free_slots_table",1],"time":0.34999999999999997779553950749686919152736663818359375} 
[2021-07-21 13:39:09] production.DEBUG: alter table `game_slots` add `free_games_count` int not null after `scatters_count` {"params":[],"time":17.96000000000000085265128291212022304534912109375} 
[2021-07-21 13:39:09] production.DEBUG: insert into `migrations` (`migration`, `batch`) values (?, ?) {"params":["2020_05_26_000010_alter_game_slots_table_add_free_games_count",1],"time":0.9699999999999999733546474089962430298328399658203125} 
[2021-07-21 13:39:59] production.DEBUG: select * from `games` where `status` = ? order by `updated_at` desc limit 5 {"params":[1],"time":5.0999999999999996447286321199499070644378662109375} 
[2021-07-21 13:39:59] production.DEBUG: select * from `games` where `status` = ? order by `win` desc limit 1 {"params":[1],"time":0.5500000000000000444089209850062616169452667236328125} 
[2021-07-21 13:40:07] production.DEBUG: select count(*) as aggregate from `users` left join `accounts` on `accounts`.`user_id` = `users`.`id` left join `games` on `games`.`account_id` = `accounts`.`id` where `users`.`status` = ? and `games`.`status` = ? group by `users`.`id`, `name` {"params":[0,1],"time":3.5} 
[2021-07-21 13:40:09] production.DEBUG: select * from `games` where `status` = ? order by `updated_at` desc limit 5 {"params":[1],"time":4.13999999999999968025576890795491635799407958984375} 
[2021-07-21 13:40:09] production.DEBUG: select * from `games` where `status` = ? order by `win` desc limit 1 {"params":[1],"time":0.56999999999999995115018691649311222136020660400390625} 
[2021-07-21 13:40:21] production.DEBUG: insert into `users` (`name`, `email`, `role`, `status`, `last_login_at`, `last_login_from`, `password`, `email_verified_at`, `updated_at`, `created_at`) values (?, ?, ?, ?, ?, ?, ?, ?, ?, ?) {"params":["Andrew","kir486680@gmail.com","ADMIN",0,"2021-07-21 13:40:21","47.21.235.66","$2y$10$nmByMBMGmouLqFNU.Bg5dOpo0dk8501KVSM.3yBpBMEc3pVYUiSVS","2021-07-21 13:40:21","2021-07-21 13:40:21","2021-07-21 13:40:21"],"time":2.859999999999999875655021241982467472553253173828125} 
[2021-07-21 13:40:21] production.DEBUG: insert into `accounts` (`user_id`, `code`, `updated_at`, `created_at`) values (?, ?, ?, ?) {"params":[1,"e6684b6adbbaaca3c8e1e71530ca0388106e1a2d6d34b75fd7","2021-07-21 13:40:21","2021-07-21 13:40:21"],"time":0.40000000000000002220446049250313080847263336181640625} 
